
================================
  PFLOTRAN Development Version
================================

pflotran card:: NUMERICAL_METHODS
pflotran card:: NUMERICAL_METHODS
pflotran card:: GRID

 *DXYZ 
  dx  
  1.0000E+00  1.0874E+00  1.1825E+00  1.2860E+00  1.3984E+00  1.5207E+00  1.6537E+00  1.7983E+00  1.9555E+00  2.1265E+00
  2.3125E+00  2.5147E+00  2.7346E+00  2.9738E+00  3.2338E+00  3.5166E+00  3.8241E+00  4.1585E+00  4.5222E+00  4.9176E+00
  5.3476E+00  5.8153E+00  6.3238E+00  6.8768E+00  7.4782E+00  8.1321E+00  8.8432E+00  9.6166E+00  1.0458E+01  1.1372E+01
  1.2366E+01  1.3448E+01  1.4624E+01  1.5903E+01  1.7293E+01  1.8806E+01  2.0450E+01  2.2238E+01  2.4183E+01  2.6298E+01
  2.8597E+01  3.1098E+01  3.3818E+01  3.6775E+01  3.9991E+01  4.3488E+01  4.7291E+01  5.1426E+01  5.5923E+01  6.0813E+01
  6.6131E+01  7.1914E+01  7.8203E+01  8.5042E+01  9.2478E+01  1.0057E+02  1.0936E+02  1.1892E+02  1.2932E+02  1.4063E+02
  1.5293E+02  1.6630E+02  1.8084E+02  1.9666E+02  2.1386E+02  2.3256E+02  2.5289E+02  2.7501E+02  2.9906E+02  3.2521E+02
  3.5365E+02  3.8457E+02  4.1820E+02  4.5477E+02  4.9454E+02  5.3779E+02  5.8482E+02  6.3596E+02  6.9157E+02  7.5204E+02
  8.1781E+02  8.8932E+02  9.6709E+02  1.0517E+03  1.1436E+03  1.2436E+03  1.3524E+03  1.4706E+03  1.5993E+03  1.7391E+03
  1.8912E+03  2.0566E+03  2.2364E+03  2.4320E+03  2.6446E+03  2.8759E+03  3.1274E+03  3.4009E+03  3.6983E+03  4.0217E+03
  dy  
  1.0000E+00
  dz  
  1.0000E+00  1.0000E+00  1.0000E+00  1.0000E+00  1.0000E+00  1.0000E+00  1.0000E+00  1.0000E+00  1.0000E+00  1.0000E+00
  1.0000E+00  1.0000E+00  1.0000E+00  1.0000E+00  1.0000E+00  1.0000E+00  1.0000E+00  1.0000E+00  1.0000E+00  1.0000E+00
  1.0000E+00  1.0000E+00  1.0000E+00  1.0000E+00  1.0000E+00  1.0000E+00  1.0000E+00  1.0000E+00  1.0000E+00  1.0000E+00
  1.0000E+00  1.0000E+00  1.0000E+00  1.0000E+00  1.0000E+00  1.0000E+00  1.0000E+00  1.0000E+00  1.0000E+00  1.0000E+00
  1.0000E+00  1.0000E+00  1.0000E+00  1.0000E+00  1.0000E+00  1.0000E+00  1.0000E+00  1.0000E+00  1.0000E+00  1.0000E+00
  1.0000E+00  1.0000E+00  1.0000E+00  1.0000E+00  1.0000E+00  1.0000E+00  1.0000E+00  1.0000E+00  1.0000E+00  1.0000E+00
  1.0000E+00  1.0000E+00  1.0000E+00  1.0000E+00  1.0000E+00  1.0000E+00  1.0000E+00  1.0000E+00  1.0000E+00  1.0000E+00
  1.0000E+00  1.0000E+00  1.0000E+00  1.0000E+00  1.0000E+00  1.0000E+00  1.0000E+00  1.0000E+00  1.0000E+00  1.0000E+00
  1.0000E+00  1.0000E+00  1.0000E+00  1.0000E+00  1.0000E+00  1.0000E+00  1.0000E+00  1.0000E+00  1.0000E+00  1.0000E+00
  1.0000E+00  1.0000E+00  1.0000E+00  1.0000E+00  1.0000E+00  1.0000E+00  1.0000E+00  1.0000E+00  1.0000E+00  1.0000E+00
pflotran card:: CHEMISTRY
"CHEMISTRY,MINERAL_KINETICS,Kaolinite,PREFACTOR,ACTIVATION_ENERGY units" set to default value.
"CHEMISTRY,MINERAL_KINETICS,Kaolinite,PREFACTOR,ACTIVATION_ENERGY units" set to default value.
"CHEMISTRY,MINERAL_KINETICS,Kaolinite,PREFACTOR,ACTIVATION_ENERGY units" set to default value.
"Quartz  RATE_CONSTANT UNITS" set to default value.
"CHEMISTRY,MINERAL_KINETICS,Calcite,PREFACTOR,ACTIVATION_ENERGY units" set to default value.
"CHEMISTRY,MINERAL_KINETICS,Calcite,PREFACTOR,ACTIVATION_ENERGY units" set to default value.
"CHEMISTRY,MINERAL_KINETICS,Calcite_is,PREFACTOR,ACTIVATION_ENERGY units" set to default value.
"CHEMISTRY,MINERAL_KINETICS,Calcite_is,PREFACTOR,ACTIVATION_ENERGY units" set to default value.
"CHEMISTRY,MINERAL_KINETICS,SiO2(am),PREFACTOR,ACTIVATION_ENERGY units" set to default value.
pflotran card:: FLUID_PROPERTY
"FLUID_PROPERTY,diffusion_coefficient units" set to default value.
pflotran card:: MATERIAL_PROPERTY
  Name :: soil1
"MATERIAL_PROPERTY,THERMAL_CONDUCTIVITY_DRY units" set to default value.
"MATERIAL_PROPERTY,THERMAL_CONDUCTIVITY_WET units" set to default value.
"MATERIAL_PROPERTY,HEAT_CAPACITY units" set to default value.
"MATERIAL_PROPERTY,ROCK_DENSITY units" set to default value.
pflotran card:: CHARACTERISTIC_CURVES
  Name :: default
 WARNING: A default Saturation Function has been chosen in CHARACTERISTIC_CURVES(default),.
 WARNING: A default Relative Permeability Function has been chosen in CHARACTERISTIC_CURVES(default),.
 WARNING: A default Relative Permeability Function has been chosen in CHARACTERISTIC_CURVES(default),.
pflotran card:: CHARACTERISTIC_CURVES
  Name :: matrix
 WARNING: Mualem-van Genuchten relative permeability function is being used without SMOOTH option.
pflotran card:: OUTPUT
pflotran card:: TIME
pflotran card:: REGION
all
pflotran card:: REGION
bottom
pflotran card:: REGION
top
pflotran card:: REGION
outer
pflotran card:: REGION
feedzone
pflotran card:: FLOW_CONDITION
initial_pressure
pflotran card:: FLOW_CONDITION
outer_pressure
pflotran card:: FLOW_CONDITION
well_flux
pflotran card:: TRANSPORT_CONDITION
background_conc
pflotran card:: TRANSPORT_CONDITION
inlet_conc
pflotran card:: CONSTRAINT
initial_constraint
Constraint Species: H+
Constraint Species: Cl-
Constraint Species: SO4--
Constraint Species: SiO2(aq)
Constraint Species: Ca++
Constraint Species: Fe++
Constraint Species: K+
Constraint Species: Mg++
Constraint Species: Al+++
Constraint Species: Na+
Constraint Species: CO2(aq)
Constraint Species: Tracer
Constraint Minerals: Calcite
Constraint Minerals: Calcite_is
Constraint Minerals: SiO2(am)
Constraint Minerals: Quartz
Constraint Minerals: Kaolinite
pflotran card:: CONSTRAINT
inlet_constraint_1
Constraint Species: H+
Constraint Species: Cl-
Constraint Species: SO4--
Constraint Species: SiO2(aq)
Constraint Species: Ca++
Constraint Species: Fe++
Constraint Species: K+
Constraint Species: Mg++
Constraint Species: Al+++
Constraint Species: Na+
Constraint Species: CO2(aq)
Constraint Species: Tracer
pflotran card:: INITIAL_CONDITION
"Initial Condition name" set to default value.
pflotran card:: BOUNDARY_CONDITION
pflotran card:: SOURCE_SINK
pflotran card:: STRATA
pflotran card:: END_SUBSURFACE

 ! ************************************************************************** !

 Initial Basis

 Primary Species:
  H+
    Charge:   1.00
    Molar Mass:    1.0079 [g/mol]
    Debye-Huckel a0:    9.0000 [Angstrom]

  SiO2(aq)
    Charge:   0.00
    Molar Mass:   60.0843 [g/mol]
    Debye-Huckel a0:    3.0000 [Angstrom]

  Al+++
    Charge:   3.00
    Molar Mass:   26.9815 [g/mol]
    Debye-Huckel a0:    9.0000 [Angstrom]

  Ca++
    Charge:   2.00
    Molar Mass:   40.0780 [g/mol]
    Debye-Huckel a0:    6.0000 [Angstrom]

  Cl-
    Charge:  -1.00
    Molar Mass:   35.4527 [g/mol]
    Debye-Huckel a0:    3.0000 [Angstrom]

  CO2(aq)
    Charge:   0.00
    Molar Mass:   44.0098 [g/mol]
    Debye-Huckel a0:    3.0000 [Angstrom]
    Equilibrium Aqueous Reaction: 
        -1.0000  CO2(aq)                         
        -1.0000  H2O                             
         1.0000  H+                              
         1.0000  HCO3-                           
      logK:    -6.5804    -6.3447    -6.2684    -6.3882    -6.7235    -7.1969    -7.7868    -8.5280

  Na+
    Charge:   1.00
    Molar Mass:   22.9898 [g/mol]
    Debye-Huckel a0:    4.0000 [Angstrom]

  K+
    Charge:   1.00
    Molar Mass:   39.0983 [g/mol]
    Debye-Huckel a0:    3.0000 [Angstrom]

  Mg++
    Charge:   2.00
    Molar Mass:   24.3050 [g/mol]
    Debye-Huckel a0:    8.0000 [Angstrom]

  Fe++
    Charge:   2.00
    Molar Mass:   55.8470 [g/mol]
    Debye-Huckel a0:    6.0000 [Angstrom]

  SO4--
    Charge:  -2.00
    Molar Mass:   96.0636 [g/mol]
    Debye-Huckel a0:    4.0000 [Angstrom]

  Tracer
    Charge:   0.00
    Molar Mass:    0.0000 [g/mol]
    Debye-Huckel a0:    0.0000 [Angstrom]


 Secondary Species:
  Al(OH)2+
    Charge:   1.00
    Molar Mass:   60.9962 [g/mol]
    Debye-Huckel a0:    4.0000 [Angstrom]
    Equilibrium Aqueous Reaction: 
        -1.0000  Al(OH)2+                        
        -2.0000  H+                              
         1.0000  Al+++                           
         2.0000  H2O                             
      logK:    12.1394    10.5945     8.7455     6.9818     5.1460     3.5858     2.2019     0.9295

  Al(OH)4-
    Charge:  -1.00
    Molar Mass:   95.0107 [g/mol]
    Debye-Huckel a0:    4.0000 [Angstrom]
    Equilibrium Aqueous Reaction: 
        -1.0000  Al(OH)4-                        
        -4.0000  H+                              
         1.0000  Al+++                           
         4.0000  H2O                             
      logK:    25.7948    22.8833    19.5707    16.5819    13.6762    11.4090     9.5977     8.1671

  Al(OH)3(aq)
    Charge:   0.00
    Molar Mass:   78.0034 [g/mol]
    Debye-Huckel a0:    3.0000 [Angstrom]
    Equilibrium Aqueous Reaction: 
        -1.0000  Al(OH)3(aq)                     
        -3.0000  H+                              
         1.0000  Al+++                           
         3.0000  H2O                             
      logK:    18.9826    16.1577    13.0193    10.2731     7.7112     5.8153     4.3824     3.2826

  AlOH++
    Charge:   2.00
    Molar Mass:   43.9889 [g/mol]
    Debye-Huckel a0:    4.5000 [Angstrom]
    Equilibrium Aqueous Reaction: 
        -1.0000  AlOH++                          
        -1.0000  H+                              
         1.0000  Al+++                           
         1.0000  H2O                             
      logK:     5.7264     4.9571     4.0033     3.0626     2.0516     1.1673     0.3661    -0.3794

  HCO3-
    Charge:  -1.00
    Molar Mass:   61.0171 [g/mol]
    Debye-Huckel a0:    4.0000 [Angstrom]

  CO3--
    Charge:  -2.00
    Molar Mass:   60.0092 [g/mol]
    Debye-Huckel a0:    4.5000 [Angstrom]
    Equilibrium Aqueous Reaction: 
        -1.0000  CO3--                           
        -1.0000  H+                              
         1.0000  HCO3-                           
      logK:    10.6241    10.3288    10.1304    10.0836    10.2003    10.4648    10.8707    11.4638

  CaCO3(aq)
    Charge:   0.00
    Molar Mass:  100.0872 [g/mol]
    Debye-Huckel a0:    3.0000 [Angstrom]
    Equilibrium Aqueous Reaction: 
        -1.0000  CaCO3(aq)                       
        -1.0000  H+                              
         1.0000  Ca++                            
         1.0000  HCO3-                           
      logK:     7.5021     7.0017     6.4516     5.9636     5.4683     5.0185     4.5355     3.9118

  CaCl+
    Charge:   1.00
    Molar Mass:   75.5307 [g/mol]
    Debye-Huckel a0:    4.0000 [Angstrom]
    Equilibrium Aqueous Reaction: 
        -1.0000  CaCl+                           
         1.0000  Ca++                            
         1.0000  Cl-                             
      logK:     0.6729     0.6956     0.5886     0.3566    -0.0399    -0.5332    -1.1352    -1.9071

  CaCl2(aq)
    Charge:   0.00
    Molar Mass:  110.9834 [g/mol]
    Debye-Huckel a0:    3.0000 [Angstrom]
    Equilibrium Aqueous Reaction: 
        -1.0000  CaCl2(aq)                       
         1.0000  Ca++                            
         2.0000  Cl-                             
      logK:     0.4520     0.6436     0.6288     0.3811    -0.1593    -0.9109    -1.8952    -3.2351

  CaHCO3+
    Charge:   1.00
    Molar Mass:  101.0951 [g/mol]
    Debye-Huckel a0:    4.0000 [Angstrom]
    Equilibrium Aqueous Reaction: 
        -1.0000  CaHCO3+                         
         1.0000  Ca++                            
         1.0000  HCO3-                           
      logK:    -1.0951    -1.0467    -1.1592    -1.4181    -1.8587    -2.4000    -3.0514    -3.8725

  CaSO4(aq)
    Charge:   0.00
    Molar Mass:  136.1416 [g/mol]
    Debye-Huckel a0:    3.0000 [Angstrom]
    Equilibrium Aqueous Reaction: 
        -1.0000  CaSO4(aq)                       
         1.0000  Ca++                            
         1.0000  SO4--                           
      logK:    -2.0713    -2.1111    -2.2647    -2.5111    -2.9101    -3.4328    -4.1424    -5.1853

  H2SiO4--
    Charge:  -2.00
    Molar Mass:   94.0990 [g/mol]
    Debye-Huckel a0:    4.0000 [Angstrom]
    Equilibrium Aqueous Reaction: 
        -1.0000  H2SiO4--                        
        -2.0000  H+                              
         1.0000  SiO2(aq)                        
         2.0000  H2O                             
      logK:    23.9066    22.9116    21.8054    20.9537    20.3842    20.2288    20.3484    20.6543

  H3SiO4-
    Charge:  -1.00
    Molar Mass:   95.1068 [g/mol]
    Debye-Huckel a0:    4.0000 [Angstrom]
    Equilibrium Aqueous Reaction: 
        -1.0000  H3SiO4-                         
        -1.0000  H+                              
         2.0000  H2O                             
         1.0000  SiO2(aq)                        
      logK:    10.3231     9.9525     9.4684     9.0844     8.8497     8.8394     9.0224     9.4141

  MgCO3(aq)
    Charge:   0.00
    Molar Mass:   84.3142 [g/mol]
    Debye-Huckel a0:    3.0000 [Angstrom]
    Equilibrium Aqueous Reaction: 
        -1.0000  MgCO3(aq)                       
        -1.0000  H+                              
         1.0000  HCO3-                           
         1.0000  Mg++                            
      logK:     7.7399     7.3499     6.9262     6.5632     6.2045     5.8725     5.4900     4.9530

  MgHCO3+
    Charge:   1.00
    Molar Mass:   85.3221 [g/mol]
    Debye-Huckel a0:    4.0000 [Angstrom]
    Equilibrium Aqueous Reaction: 
        -1.0000  MgHCO3+                         
         1.0000  HCO3-                           
         1.0000  Mg++                            
      logK:    -1.0798    -1.0357    -1.1638    -1.4355    -1.8804    -2.4146    -3.0493    -3.8424

  NaCO3-
    Charge:  -1.00
    Molar Mass:   82.9990 [g/mol]
    Debye-Huckel a0:    4.0000 [Angstrom]
    Equilibrium Aqueous Reaction: 
        -1.0000  NaCO3-                          
        -1.0000  H+                              
         1.0000  HCO3-                           
         1.0000  Na+                             
      logK:     9.8150     9.8144    10.0745    10.6485    11.5684    12.6320    13.7927    14.9187

  OH-
    Charge:  -1.00
    Molar Mass:   17.0073 [g/mol]
    Debye-Huckel a0:    3.5000 [Angstrom]
    Equilibrium Aqueous Reaction: 
        -1.0000  OH-                             
        -1.0000  H+                              
         1.0000  H2O                             
      logK:    14.9398    13.9951    13.0272    12.2551    11.6308    11.2836    11.1675    11.3002


 Gas Components:
  CO2(g)
    Molar Mass:   44.0098 [g/mol]
    Gas Reaction: 
        -1.0000  CO2(g)                          
        -1.0000  H2O                             
         1.0000  H+                              
         1.0000  HCO3-                           
      logK:    -7.6765    -7.8136    -8.0527    -8.3574    -8.7692    -9.2165    -9.7202   -10.3393


 Minerals:
  Calcite
    Molar Mass:  100.0872 [g/mol]
    Molar Volume:  3.6934E-05 [m^3/mol]
    Mineral Reaction: 
        -1.0000  Calcite                         
        -1.0000  H+                              
         1.0000  Ca++                            
         1.0000  HCO3-                           
      logK:     2.2257     1.8487     1.3330     0.7743     0.0999    -0.5838    -1.3262    -2.2154

  Calcite_is
    Molar Mass:  100.0872 [g/mol]
    Molar Volume:  3.6934E-05 [m^3/mol]
    Mineral Reaction: 
        -1.0000  Calcite_is                      
        -1.0000  H+                              
         1.0000  Ca++                            
         1.0000  HCO3-                           
      logK:     2.2257     1.8487     1.3330     0.7743     0.0999    -0.5838    -1.3262    -2.2154

  SiO2(am)
    Molar Mass:   60.0843 [g/mol]
    Molar Volume:  2.9000E-05 [m^3/mol]
    Mineral Reaction: 
        -1.0000  SiO2(am)                        
         1.0000  SiO2(aq)                        
      logK:    -3.1240    -2.7136    -2.4067    -2.1843    -1.9796    -1.8190    -1.6928    -1.6042

  Quartz
    Molar Mass:   60.0843 [g/mol]
    Molar Volume:  2.2688E-05 [m^3/mol]
    Mineral Reaction: 
        -1.0000  Quartz                          
         1.0000  SiO2(aq)                        
      logK:    -4.6319    -3.9993    -3.4734    -3.0782    -2.7191    -2.4378    -2.2057    -2.0168

  Kaolinite
    Molar Mass:  258.1604 [g/mol]
    Molar Volume:  9.9520E-05 [m^3/mol]
    Mineral Reaction: 
        -1.0000  Kaolinite                       
        -6.0000  H+                              
         2.0000  Al+++                           
         2.0000  SiO2(aq)                        
         5.0000  H2O                             
      logK:     9.0182     6.8101     3.8468     0.9541    -2.0187    -4.5022    -6.7083    -8.8022


 Surface Complexation Reactions: None

   Surface Complexes: None

 Ion Exchange Reactions: None

 ! ************************************************************************** !


 ! ************************************************************************** !

 Final Basis

 Primary Species:
  H+
    Charge:   1.00
    Molar Mass:    1.0079 [g/mol]
    Debye-Huckel a0:    9.0000 [Angstrom]

  SiO2(aq)
    Charge:   0.00
    Molar Mass:   60.0843 [g/mol]
    Debye-Huckel a0:    3.0000 [Angstrom]

  Al+++
    Charge:   3.00
    Molar Mass:   26.9815 [g/mol]
    Debye-Huckel a0:    9.0000 [Angstrom]

  Ca++
    Charge:   2.00
    Molar Mass:   40.0780 [g/mol]
    Debye-Huckel a0:    6.0000 [Angstrom]

  Cl-
    Charge:  -1.00
    Molar Mass:   35.4527 [g/mol]
    Debye-Huckel a0:    3.0000 [Angstrom]

  CO2(aq)
    Charge:   0.00
    Molar Mass:   44.0098 [g/mol]
    Debye-Huckel a0:    3.0000 [Angstrom]

  Na+
    Charge:   1.00
    Molar Mass:   22.9898 [g/mol]
    Debye-Huckel a0:    4.0000 [Angstrom]

  K+
    Charge:   1.00
    Molar Mass:   39.0983 [g/mol]
    Debye-Huckel a0:    3.0000 [Angstrom]

  Mg++
    Charge:   2.00
    Molar Mass:   24.3050 [g/mol]
    Debye-Huckel a0:    8.0000 [Angstrom]

  Fe++
    Charge:   2.00
    Molar Mass:   55.8470 [g/mol]
    Debye-Huckel a0:    6.0000 [Angstrom]

  SO4--
    Charge:  -2.00
    Molar Mass:   96.0636 [g/mol]
    Debye-Huckel a0:    4.0000 [Angstrom]

  Tracer
    Charge:   0.00
    Molar Mass:    0.0000 [g/mol]
    Debye-Huckel a0:    0.0000 [Angstrom]


 Secondary Species:
  Al(OH)2+
    Charge:   1.00
    Molar Mass:   60.9962 [g/mol]
    Debye-Huckel a0:    4.0000 [Angstrom]
    Equilibrium Aqueous Reaction: 
        -1.0000  Al(OH)2+                        
         2.0000  H2O                             
        -2.0000  H+                              
         1.0000  Al+++                           
      logK:    12.1394    10.5945     8.7455     6.9818     5.1460     3.5858     2.2019     0.9295

  Al(OH)4-
    Charge:  -1.00
    Molar Mass:   95.0107 [g/mol]
    Debye-Huckel a0:    4.0000 [Angstrom]
    Equilibrium Aqueous Reaction: 
        -1.0000  Al(OH)4-                        
         4.0000  H2O                             
        -4.0000  H+                              
         1.0000  Al+++                           
      logK:    25.7948    22.8833    19.5707    16.5819    13.6762    11.4090     9.5977     8.1671

  Al(OH)3(aq)
    Charge:   0.00
    Molar Mass:   78.0034 [g/mol]
    Debye-Huckel a0:    3.0000 [Angstrom]
    Equilibrium Aqueous Reaction: 
        -1.0000  Al(OH)3(aq)                     
         3.0000  H2O                             
        -3.0000  H+                              
         1.0000  Al+++                           
      logK:    18.9826    16.1577    13.0193    10.2731     7.7112     5.8153     4.3824     3.2826

  AlOH++
    Charge:   2.00
    Molar Mass:   43.9889 [g/mol]
    Debye-Huckel a0:    4.5000 [Angstrom]
    Equilibrium Aqueous Reaction: 
        -1.0000  AlOH++                          
         1.0000  H2O                             
        -1.0000  H+                              
         1.0000  Al+++                           
      logK:     5.7264     4.9571     4.0033     3.0626     2.0516     1.1673     0.3661    -0.3794

  HCO3-
    Charge:  -1.00
    Molar Mass:   61.0171 [g/mol]
    Debye-Huckel a0:    4.0000 [Angstrom]
    Equilibrium Aqueous Reaction: 
        -1.0000  HCO3-                           
         1.0000  H2O                             
        -1.0000  H+                              
         1.0000  CO2(aq)                         
      logK:     6.5804     6.3447     6.2684     6.3882     6.7235     7.1969     7.7868     8.5280

  CO3--
    Charge:  -2.00
    Molar Mass:   60.0092 [g/mol]
    Debye-Huckel a0:    4.5000 [Angstrom]
    Equilibrium Aqueous Reaction: 
        -1.0000  CO3--                           
         1.0000  H2O                             
        -2.0000  H+                              
         1.0000  CO2(aq)                         
      logK:    17.2045    16.6735    16.3988    16.4718    16.9238    17.6617    18.6575    19.9918

  CaCO3(aq)
    Charge:   0.00
    Molar Mass:  100.0872 [g/mol]
    Debye-Huckel a0:    3.0000 [Angstrom]
    Equilibrium Aqueous Reaction: 
        -1.0000  CaCO3(aq)                       
         1.0000  H2O                             
        -2.0000  H+                              
         1.0000  Ca++                            
         1.0000  CO2(aq)                         
      logK:    14.0825    13.3464    12.7200    12.3518    12.1918    12.2154    12.3223    12.4398

  CaCl+
    Charge:   1.00
    Molar Mass:   75.5307 [g/mol]
    Debye-Huckel a0:    4.0000 [Angstrom]
    Equilibrium Aqueous Reaction: 
        -1.0000  CaCl+                           
         1.0000  Ca++                            
         1.0000  Cl-                             
      logK:     0.6729     0.6956     0.5886     0.3566    -0.0399    -0.5332    -1.1352    -1.9071

  CaCl2(aq)
    Charge:   0.00
    Molar Mass:  110.9834 [g/mol]
    Debye-Huckel a0:    3.0000 [Angstrom]
    Equilibrium Aqueous Reaction: 
        -1.0000  CaCl2(aq)                       
         1.0000  Ca++                            
         2.0000  Cl-                             
      logK:     0.4520     0.6436     0.6288     0.3811    -0.1593    -0.9109    -1.8952    -3.2351

  CaHCO3+
    Charge:   1.00
    Molar Mass:  101.0951 [g/mol]
    Debye-Huckel a0:    4.0000 [Angstrom]
    Equilibrium Aqueous Reaction: 
        -1.0000  CaHCO3+                         
         1.0000  H2O                             
        -1.0000  H+                              
         1.0000  Ca++                            
         1.0000  CO2(aq)                         
      logK:     5.4853     5.2980     5.1092     4.9701     4.8648     4.7969     4.7354     4.6555

  CaSO4(aq)
    Charge:   0.00
    Molar Mass:  136.1416 [g/mol]
    Debye-Huckel a0:    3.0000 [Angstrom]
    Equilibrium Aqueous Reaction: 
        -1.0000  CaSO4(aq)                       
         1.0000  Ca++                            
         1.0000  SO4--                           
      logK:    -2.0713    -2.1111    -2.2647    -2.5111    -2.9101    -3.4328    -4.1424    -5.1853

  H2SiO4--
    Charge:  -2.00
    Molar Mass:   94.0990 [g/mol]
    Debye-Huckel a0:    4.0000 [Angstrom]
    Equilibrium Aqueous Reaction: 
        -1.0000  H2SiO4--                        
         2.0000  H2O                             
        -2.0000  H+                              
         1.0000  SiO2(aq)                        
      logK:    23.9066    22.9116    21.8054    20.9537    20.3842    20.2288    20.3484    20.6543

  H3SiO4-
    Charge:  -1.00
    Molar Mass:   95.1068 [g/mol]
    Debye-Huckel a0:    4.0000 [Angstrom]
    Equilibrium Aqueous Reaction: 
        -1.0000  H3SiO4-                         
         2.0000  H2O                             
        -1.0000  H+                              
         1.0000  SiO2(aq)                        
      logK:    10.3231     9.9525     9.4684     9.0844     8.8497     8.8394     9.0224     9.4141

  MgCO3(aq)
    Charge:   0.00
    Molar Mass:   84.3142 [g/mol]
    Debye-Huckel a0:    3.0000 [Angstrom]
    Equilibrium Aqueous Reaction: 
        -1.0000  MgCO3(aq)                       
         1.0000  H2O                             
        -2.0000  H+                              
         1.0000  CO2(aq)                         
         1.0000  Mg++                            
      logK:    14.3203    13.6946    13.1946    12.9514    12.9280    13.0694    13.2768    13.4810

  MgHCO3+
    Charge:   1.00
    Molar Mass:   85.3221 [g/mol]
    Debye-Huckel a0:    4.0000 [Angstrom]
    Equilibrium Aqueous Reaction: 
        -1.0000  MgHCO3+                         
         1.0000  H2O                             
        -1.0000  H+                              
         1.0000  CO2(aq)                         
         1.0000  Mg++                            
      logK:     5.5006     5.3090     5.1046     4.9527     4.8431     4.7823     4.7375     4.6856

  NaCO3-
    Charge:  -1.00
    Molar Mass:   82.9990 [g/mol]
    Debye-Huckel a0:    4.0000 [Angstrom]
    Equilibrium Aqueous Reaction: 
        -1.0000  NaCO3-                          
         1.0000  H2O                             
        -2.0000  H+                              
         1.0000  CO2(aq)                         
         1.0000  Na+                             
      logK:    16.3954    16.1591    16.3429    17.0367    18.2919    19.8289    21.5795    23.4467

  OH-
    Charge:  -1.00
    Molar Mass:   17.0073 [g/mol]
    Debye-Huckel a0:    3.5000 [Angstrom]
    Equilibrium Aqueous Reaction: 
        -1.0000  OH-                             
         1.0000  H2O                             
        -1.0000  H+                              
      logK:    14.9398    13.9951    13.0272    12.2551    11.6308    11.2836    11.1675    11.3002


 Gas Components:
  CO2(g)
    Molar Mass:   44.0098 [g/mol]
    Gas Reaction: 
        -1.0000  CO2(g)                          
         1.0000  CO2(aq)                         
      logK:    -1.0961    -1.4689    -1.7843    -1.9692    -2.0457    -2.0196    -1.9334    -1.8113


 Minerals:
  Calcite
    Molar Mass:  100.0872 [g/mol]
    Molar Volume:  3.6934E-05 [m^3/mol]
    Mineral Reaction: 
        -1.0000  Calcite                         
         1.0000  H2O                             
        -2.0000  H+                              
         1.0000  Ca++                            
         1.0000  CO2(aq)                         
      logK:     8.8061     8.1934     7.6014     7.1625     6.8234     6.6131     6.4606     6.3126

  Calcite_is
    Molar Mass:  100.0872 [g/mol]
    Molar Volume:  3.6934E-05 [m^3/mol]
    Mineral Reaction: 
        -1.0000  Calcite_is                      
         1.0000  H2O                             
        -2.0000  H+                              
         1.0000  Ca++                            
         1.0000  CO2(aq)                         
      logK:     8.8061     8.1934     7.6014     7.1625     6.8234     6.6131     6.4606     6.3126

  SiO2(am)
    Molar Mass:   60.0843 [g/mol]
    Molar Volume:  2.9000E-05 [m^3/mol]
    Mineral Reaction: 
        -1.0000  SiO2(am)                        
         1.0000  SiO2(aq)                        
      logK:    -3.1240    -2.7136    -2.4067    -2.1843    -1.9796    -1.8190    -1.6928    -1.6042

  Quartz
    Molar Mass:   60.0843 [g/mol]
    Molar Volume:  2.2688E-05 [m^3/mol]
    Mineral Reaction: 
        -1.0000  Quartz                          
         1.0000  SiO2(aq)                        
      logK:    -4.6319    -3.9993    -3.4734    -3.0782    -2.7191    -2.4378    -2.2057    -2.0168

  Kaolinite
    Molar Mass:  258.1604 [g/mol]
    Molar Volume:  9.9520E-05 [m^3/mol]
    Mineral Reaction: 
        -1.0000  Kaolinite                       
         5.0000  H2O                             
        -6.0000  H+                              
         2.0000  SiO2(aq)                        
         2.0000  Al+++                           
      logK:     9.0182     6.8101     3.8468     0.9541    -2.0187    -4.5022    -6.7083    -8.8022


 Surface Complexation Reactions: None

   Surface Complexes: None

 Ion Exchange Reactions: None

 ! ************************************************************************** !

--------------------------------------------------------------------------------

    12  Primary Species

              H+                    SiO2(aq)              Al+++               
              Ca++                  Cl-                   CO2(aq)             
              Na+                   K+                    Mg++                
              Fe++                  SO4--                 Tracer              


    17  Secondary Complex Species

              Al(OH)2+              Al(OH)4-              Al(OH)3(aq)         
              AlOH++                HCO3-                 CO3--               
              CaCO3(aq)             CaCl+                 CaCl2(aq)           
              CaHCO3+               CaSO4(aq)             H2SiO4--            
              H3SiO4-               MgCO3(aq)             MgHCO3+             
              NaCO3-                OH-                 

     1  Active Gas Species

              CO2(g)              

     0  Passive Gas Species



     5  Reference Minerals

              Calcite               Calcite_is            SiO2(am)            
              Quartz                Kaolinite           

     5  Kinetic Mineral Reactions

              Calcite               Calcite_is            SiO2(am)            
              Quartz                Kaolinite           

     0  Ion Exchange Reactions

     0  Ion Exchange Cations
--------------------------------------------------------------------------------

Number of processes: 1

Extent of Gridded Domain
 X: 3.000000E-01 - 5.000030E+04
 Y: 0.000000E+00 - 1.000000E+00
 Z: 0.000000E+00 - 1.000000E+02

Size of Gridded Domain
 Number of grid cells: 10000

Min/Max Cell Volumes [m^3]
 Maximum: 1.212641E+09
 Minimum: 5.026548E+00

ERROR(0): Uninitialized material id in patch at cell 91

Stopping!
